2025-10-26 00:48:22 | ERROR    | wolfram_pyqt | Ошибка в solve_equation: Sympify of expression 'could not parse 'solv x**2'' failed, because of exception being raised:
SyntaxError: invalid syntax (<string>, line 1)
ValueError: Error from parse_expr with transformed code: "Symbol ('solv' )Symbol ('x' )**Integer (2 )"

The above exception was the direct cause of the following exception:

Traceback (most recent call last):
  File "F:\Pycharm\wolframalpha\.venv1\Lib\site-packages\sympy\core\sympify.py", line 507, in sympify
    expr = parse_expr(a, local_dict=locals, transformations=transformations, evaluate=evaluate)
  File "F:\Pycharm\wolframalpha\.venv1\Lib\site-packages\sympy\parsing\sympy_parser.py", line 1090, in parse_expr
    raise e from ValueError(f"Error from parse_expr with transformed code: {code!r}")
  File "F:\Pycharm\wolframalpha\.venv1\Lib\site-packages\sympy\parsing\sympy_parser.py", line 1081, in parse_expr
    rv = eval_expr(code, local_dict, global_dict)
  File "F:\Pycharm\wolframalpha\.venv1\Lib\site-packages\sympy\parsing\sympy_parser.py", line 905, in eval_expr
    expr = eval(
        code, global_dict, local_dict)  # take local objects in preference
  File "<string>", line 1
    Symbol ('solv' )Symbol ('x' )**Integer (2 )
                    ^^^^^^
SyntaxError: invalid syntax

During handling of the above exception, another exception occurred:

Traceback (most recent call last):
  File "f:\Pycharm\wolframalpha\logs\logger.py", line 59, in wrapper
    result = func(*args, **kwargs)
  File "f:\Pycharm\wolframalpha\core\sympy_solver.py", line 25, in solve_equation
    lhs = sympy.sympify(left_side)
  File "F:\Pycharm\wolframalpha\.venv1\Lib\site-packages\sympy\core\sympify.py", line 509, in sympify
    raise SympifyError('could not parse %r' % a, exc)
sympy.core.sympify.SympifyError: Sympify of expression 'could not parse 'solv x**2'' failed, because of exception being raised:
SyntaxError: invalid syntax (<string>, line 1)
2025-10-26 00:50:46 | ERROR    | wolfram_pyqt | Ошибка в solve_equation: Sympify of expression 'could not parse 'solv x**2'' failed, because of exception being raised:
SyntaxError: invalid syntax (<string>, line 1)
ValueError: Error from parse_expr with transformed code: "Symbol ('solv' )Symbol ('x' )**Integer (2 )"

The above exception was the direct cause of the following exception:

Traceback (most recent call last):
  File "F:\Pycharm\wolframalpha\.venv1\Lib\site-packages\sympy\core\sympify.py", line 507, in sympify
    expr = parse_expr(a, local_dict=locals, transformations=transformations, evaluate=evaluate)
  File "F:\Pycharm\wolframalpha\.venv1\Lib\site-packages\sympy\parsing\sympy_parser.py", line 1090, in parse_expr
    raise e from ValueError(f"Error from parse_expr with transformed code: {code!r}")
  File "F:\Pycharm\wolframalpha\.venv1\Lib\site-packages\sympy\parsing\sympy_parser.py", line 1081, in parse_expr
    rv = eval_expr(code, local_dict, global_dict)
  File "F:\Pycharm\wolframalpha\.venv1\Lib\site-packages\sympy\parsing\sympy_parser.py", line 905, in eval_expr
    expr = eval(
        code, global_dict, local_dict)  # take local objects in preference
  File "<string>", line 1
    Symbol ('solv' )Symbol ('x' )**Integer (2 )
                    ^^^^^^
SyntaxError: invalid syntax

During handling of the above exception, another exception occurred:

Traceback (most recent call last):
  File "f:\Pycharm\wolframalpha\logs\logger.py", line 59, in wrapper
    result = func(*args, **kwargs)
  File "f:\Pycharm\wolframalpha\core\sympy_solver.py", line 25, in solve_equation
    lhs = sympy.sympify(left_side)
  File "F:\Pycharm\wolframalpha\.venv1\Lib\site-packages\sympy\core\sympify.py", line 509, in sympify
    raise SympifyError('could not parse %r' % a, exc)
sympy.core.sympify.SympifyError: Sympify of expression 'could not parse 'solv x**2'' failed, because of exception being raised:
SyntaxError: invalid syntax (<string>, line 1)
2025-10-26 00:51:32 | ERROR    | wolfram_pyqt | Ошибка в solve_equation: Sympify of expression 'could not parse 'solv x**2'' failed, because of exception being raised:
SyntaxError: invalid syntax (<string>, line 1)
ValueError: Error from parse_expr with transformed code: "Symbol ('solv' )Symbol ('x' )**Integer (2 )"

The above exception was the direct cause of the following exception:

Traceback (most recent call last):
  File "F:\Pycharm\wolframalpha\.venv1\Lib\site-packages\sympy\core\sympify.py", line 507, in sympify
    expr = parse_expr(a, local_dict=locals, transformations=transformations, evaluate=evaluate)
  File "F:\Pycharm\wolframalpha\.venv1\Lib\site-packages\sympy\parsing\sympy_parser.py", line 1090, in parse_expr
    raise e from ValueError(f"Error from parse_expr with transformed code: {code!r}")
  File "F:\Pycharm\wolframalpha\.venv1\Lib\site-packages\sympy\parsing\sympy_parser.py", line 1081, in parse_expr
    rv = eval_expr(code, local_dict, global_dict)
  File "F:\Pycharm\wolframalpha\.venv1\Lib\site-packages\sympy\parsing\sympy_parser.py", line 905, in eval_expr
    expr = eval(
        code, global_dict, local_dict)  # take local objects in preference
  File "<string>", line 1
    Symbol ('solv' )Symbol ('x' )**Integer (2 )
                    ^^^^^^
SyntaxError: invalid syntax

During handling of the above exception, another exception occurred:

Traceback (most recent call last):
  File "f:\Pycharm\wolframalpha\logs\logger.py", line 59, in wrapper
    result = func(*args, **kwargs)
  File "f:\Pycharm\wolframalpha\core\sympy_solver.py", line 25, in solve_equation
    lhs = sympy.sympify(left_side)
  File "F:\Pycharm\wolframalpha\.venv1\Lib\site-packages\sympy\core\sympify.py", line 509, in sympify
    raise SympifyError('could not parse %r' % a, exc)
sympy.core.sympify.SympifyError: Sympify of expression 'could not parse 'solv x**2'' failed, because of exception being raised:
SyntaxError: invalid syntax (<string>, line 1)
2025-10-26 00:52:21 | ERROR    | wolfram_pyqt | Ошибка в solve_equation: Sympify of expression 'could not parse 'solv x**2'' failed, because of exception being raised:
SyntaxError: invalid syntax (<string>, line 1)
ValueError: Error from parse_expr with transformed code: "Symbol ('solv' )Symbol ('x' )**Integer (2 )"

The above exception was the direct cause of the following exception:

Traceback (most recent call last):
  File "F:\Pycharm\wolframalpha\.venv1\Lib\site-packages\sympy\core\sympify.py", line 507, in sympify
    expr = parse_expr(a, local_dict=locals, transformations=transformations, evaluate=evaluate)
  File "F:\Pycharm\wolframalpha\.venv1\Lib\site-packages\sympy\parsing\sympy_parser.py", line 1090, in parse_expr
    raise e from ValueError(f"Error from parse_expr with transformed code: {code!r}")
  File "F:\Pycharm\wolframalpha\.venv1\Lib\site-packages\sympy\parsing\sympy_parser.py", line 1081, in parse_expr
    rv = eval_expr(code, local_dict, global_dict)
  File "F:\Pycharm\wolframalpha\.venv1\Lib\site-packages\sympy\parsing\sympy_parser.py", line 905, in eval_expr
    expr = eval(
        code, global_dict, local_dict)  # take local objects in preference
  File "<string>", line 1
    Symbol ('solv' )Symbol ('x' )**Integer (2 )
                    ^^^^^^
SyntaxError: invalid syntax

During handling of the above exception, another exception occurred:

Traceback (most recent call last):
  File "f:\Pycharm\wolframalpha\logs\logger.py", line 59, in wrapper
    result = func(*args, **kwargs)
  File "f:\Pycharm\wolframalpha\core\sympy_solver.py", line 25, in solve_equation
    lhs = sympy.sympify(left_side)
  File "F:\Pycharm\wolframalpha\.venv1\Lib\site-packages\sympy\core\sympify.py", line 509, in sympify
    raise SympifyError('could not parse %r' % a, exc)
sympy.core.sympify.SympifyError: Sympify of expression 'could not parse 'solv x**2'' failed, because of exception being raised:
SyntaxError: invalid syntax (<string>, line 1)
2025-10-26 00:52:21 | ERROR    | wolfram_pyqt | Ошибка в get_text: Sympify of expression 'could not parse 'solv x**2'' failed, because of exception being raised:
SyntaxError: invalid syntax (<string>, line 1)
ValueError: Error from parse_expr with transformed code: "Symbol ('solv' )Symbol ('x' )**Integer (2 )"

The above exception was the direct cause of the following exception:

Traceback (most recent call last):
  File "F:\Pycharm\wolframalpha\.venv1\Lib\site-packages\sympy\core\sympify.py", line 507, in sympify
    expr = parse_expr(a, local_dict=locals, transformations=transformations, evaluate=evaluate)
  File "F:\Pycharm\wolframalpha\.venv1\Lib\site-packages\sympy\parsing\sympy_parser.py", line 1090, in parse_expr
    raise e from ValueError(f"Error from parse_expr with transformed code: {code!r}")
  File "F:\Pycharm\wolframalpha\.venv1\Lib\site-packages\sympy\parsing\sympy_parser.py", line 1081, in parse_expr
    rv = eval_expr(code, local_dict, global_dict)
  File "F:\Pycharm\wolframalpha\.venv1\Lib\site-packages\sympy\parsing\sympy_parser.py", line 905, in eval_expr
    expr = eval(
        code, global_dict, local_dict)  # take local objects in preference
  File "<string>", line 1
    Symbol ('solv' )Symbol ('x' )**Integer (2 )
                    ^^^^^^
SyntaxError: invalid syntax

During handling of the above exception, another exception occurred:

Traceback (most recent call last):
  File "f:\Pycharm\wolframalpha\logs\logger.py", line 59, in wrapper
    result = func(*args, **kwargs)
  File "f:\Pycharm\wolframalpha\core\parser.py", line 24, in get_text
    solutions = solve_equation(expression)
  File "f:\Pycharm\wolframalpha\logs\logger.py", line 59, in wrapper
    result = func(*args, **kwargs)
  File "f:\Pycharm\wolframalpha\core\sympy_solver.py", line 25, in solve_equation
    lhs = sympy.sympify(left_side)
  File "F:\Pycharm\wolframalpha\.venv1\Lib\site-packages\sympy\core\sympify.py", line 509, in sympify
    raise SympifyError('could not parse %r' % a, exc)
sympy.core.sympify.SympifyError: Sympify of expression 'could not parse 'solv x**2'' failed, because of exception being raised:
SyntaxError: invalid syntax (<string>, line 1)
2025-10-26 00:54:24 | ERROR    | wolfram_pyqt | Ошибка в solve_equation: Sympify of expression 'could not parse 'solv x**2'' failed, because of exception being raised:
SyntaxError: invalid syntax (<string>, line 1)
ValueError: Error from parse_expr with transformed code: "Symbol ('solv' )Symbol ('x' )**Integer (2 )"

The above exception was the direct cause of the following exception:

Traceback (most recent call last):
  File "F:\Pycharm\wolframalpha\.venv1\Lib\site-packages\sympy\core\sympify.py", line 507, in sympify
    expr = parse_expr(a, local_dict=locals, transformations=transformations, evaluate=evaluate)
  File "F:\Pycharm\wolframalpha\.venv1\Lib\site-packages\sympy\parsing\sympy_parser.py", line 1090, in parse_expr
    raise e from ValueError(f"Error from parse_expr with transformed code: {code!r}")
  File "F:\Pycharm\wolframalpha\.venv1\Lib\site-packages\sympy\parsing\sympy_parser.py", line 1081, in parse_expr
    rv = eval_expr(code, local_dict, global_dict)
  File "F:\Pycharm\wolframalpha\.venv1\Lib\site-packages\sympy\parsing\sympy_parser.py", line 905, in eval_expr
    expr = eval(
        code, global_dict, local_dict)  # take local objects in preference
  File "<string>", line 1
    Symbol ('solv' )Symbol ('x' )**Integer (2 )
                    ^^^^^^
SyntaxError: invalid syntax

During handling of the above exception, another exception occurred:

Traceback (most recent call last):
  File "f:\Pycharm\wolframalpha\logs\logger.py", line 59, in wrapper
    result = func(*args, **kwargs)
  File "f:\Pycharm\wolframalpha\core\sympy_solver.py", line 25, in solve_equation
    lhs = sympy.sympify(left_side)
  File "F:\Pycharm\wolframalpha\.venv1\Lib\site-packages\sympy\core\sympify.py", line 509, in sympify
    raise SympifyError('could not parse %r' % a, exc)
sympy.core.sympify.SympifyError: Sympify of expression 'could not parse 'solv x**2'' failed, because of exception being raised:
SyntaxError: invalid syntax (<string>, line 1)
2025-10-26 00:54:24 | ERROR    | wolfram_pyqt | Ошибка в get_text: Sympify of expression 'could not parse 'solv x**2'' failed, because of exception being raised:
SyntaxError: invalid syntax (<string>, line 1)
ValueError: Error from parse_expr with transformed code: "Symbol ('solv' )Symbol ('x' )**Integer (2 )"

The above exception was the direct cause of the following exception:

Traceback (most recent call last):
  File "F:\Pycharm\wolframalpha\.venv1\Lib\site-packages\sympy\core\sympify.py", line 507, in sympify
    expr = parse_expr(a, local_dict=locals, transformations=transformations, evaluate=evaluate)
  File "F:\Pycharm\wolframalpha\.venv1\Lib\site-packages\sympy\parsing\sympy_parser.py", line 1090, in parse_expr
    raise e from ValueError(f"Error from parse_expr with transformed code: {code!r}")
  File "F:\Pycharm\wolframalpha\.venv1\Lib\site-packages\sympy\parsing\sympy_parser.py", line 1081, in parse_expr
    rv = eval_expr(code, local_dict, global_dict)
  File "F:\Pycharm\wolframalpha\.venv1\Lib\site-packages\sympy\parsing\sympy_parser.py", line 905, in eval_expr
    expr = eval(
        code, global_dict, local_dict)  # take local objects in preference
  File "<string>", line 1
    Symbol ('solv' )Symbol ('x' )**Integer (2 )
                    ^^^^^^
SyntaxError: invalid syntax

During handling of the above exception, another exception occurred:

Traceback (most recent call last):
  File "f:\Pycharm\wolframalpha\logs\logger.py", line 59, in wrapper
    result = func(*args, **kwargs)
  File "f:\Pycharm\wolframalpha\core\parser.py", line 29, in get_text
    solutions = solve_equation(expression)
  File "f:\Pycharm\wolframalpha\logs\logger.py", line 59, in wrapper
    result = func(*args, **kwargs)
  File "f:\Pycharm\wolframalpha\core\sympy_solver.py", line 25, in solve_equation
    lhs = sympy.sympify(left_side)
  File "F:\Pycharm\wolframalpha\.venv1\Lib\site-packages\sympy\core\sympify.py", line 509, in sympify
    raise SympifyError('could not parse %r' % a, exc)
sympy.core.sympify.SympifyError: Sympify of expression 'could not parse 'solv x**2'' failed, because of exception being raised:
SyntaxError: invalid syntax (<string>, line 1)
2025-10-26 00:58:25 | ERROR    | wolfram_pyqt | Ошибка в solve_equation: Sympify of expression 'could not parse 'solv x**2'' failed, because of exception being raised:
SyntaxError: invalid syntax (<string>, line 1)
ValueError: Error from parse_expr with transformed code: "Symbol ('solv' )Symbol ('x' )**Integer (2 )"

The above exception was the direct cause of the following exception:

Traceback (most recent call last):
  File "F:\Pycharm\wolframalpha\.venv1\Lib\site-packages\sympy\core\sympify.py", line 507, in sympify
    expr = parse_expr(a, local_dict=locals, transformations=transformations, evaluate=evaluate)
  File "F:\Pycharm\wolframalpha\.venv1\Lib\site-packages\sympy\parsing\sympy_parser.py", line 1090, in parse_expr
    raise e from ValueError(f"Error from parse_expr with transformed code: {code!r}")
  File "F:\Pycharm\wolframalpha\.venv1\Lib\site-packages\sympy\parsing\sympy_parser.py", line 1081, in parse_expr
    rv = eval_expr(code, local_dict, global_dict)
  File "F:\Pycharm\wolframalpha\.venv1\Lib\site-packages\sympy\parsing\sympy_parser.py", line 905, in eval_expr
    expr = eval(
        code, global_dict, local_dict)  # take local objects in preference
  File "<string>", line 1
    Symbol ('solv' )Symbol ('x' )**Integer (2 )
                    ^^^^^^
SyntaxError: invalid syntax

During handling of the above exception, another exception occurred:

Traceback (most recent call last):
  File "f:\Pycharm\wolframalpha\logs\logger.py", line 59, in wrapper
    result = func(*args, **kwargs)
  File "f:\Pycharm\wolframalpha\core\sympy_solver.py", line 24, in solve_equation
    lhs = sympy.sympify(left_side)
  File "F:\Pycharm\wolframalpha\.venv1\Lib\site-packages\sympy\core\sympify.py", line 509, in sympify
    raise SympifyError('could not parse %r' % a, exc)
sympy.core.sympify.SympifyError: Sympify of expression 'could not parse 'solv x**2'' failed, because of exception being raised:
SyntaxError: invalid syntax (<string>, line 1)
2025-10-26 00:58:25 | ERROR    | wolfram_pyqt | Ошибка в get_text: Sympify of expression 'could not parse 'solv x**2'' failed, because of exception being raised:
SyntaxError: invalid syntax (<string>, line 1)
ValueError: Error from parse_expr with transformed code: "Symbol ('solv' )Symbol ('x' )**Integer (2 )"

The above exception was the direct cause of the following exception:

Traceback (most recent call last):
  File "F:\Pycharm\wolframalpha\.venv1\Lib\site-packages\sympy\core\sympify.py", line 507, in sympify
    expr = parse_expr(a, local_dict=locals, transformations=transformations, evaluate=evaluate)
  File "F:\Pycharm\wolframalpha\.venv1\Lib\site-packages\sympy\parsing\sympy_parser.py", line 1090, in parse_expr
    raise e from ValueError(f"Error from parse_expr with transformed code: {code!r}")
  File "F:\Pycharm\wolframalpha\.venv1\Lib\site-packages\sympy\parsing\sympy_parser.py", line 1081, in parse_expr
    rv = eval_expr(code, local_dict, global_dict)
  File "F:\Pycharm\wolframalpha\.venv1\Lib\site-packages\sympy\parsing\sympy_parser.py", line 905, in eval_expr
    expr = eval(
        code, global_dict, local_dict)  # take local objects in preference
  File "<string>", line 1
    Symbol ('solv' )Symbol ('x' )**Integer (2 )
                    ^^^^^^
SyntaxError: invalid syntax

During handling of the above exception, another exception occurred:

Traceback (most recent call last):
  File "f:\Pycharm\wolframalpha\logs\logger.py", line 59, in wrapper
    result = func(*args, **kwargs)
  File "f:\Pycharm\wolframalpha\core\parser.py", line 28, in get_text
    solutions = solve_equation(expression)
  File "f:\Pycharm\wolframalpha\logs\logger.py", line 59, in wrapper
    result = func(*args, **kwargs)
  File "f:\Pycharm\wolframalpha\core\sympy_solver.py", line 24, in solve_equation
    lhs = sympy.sympify(left_side)
  File "F:\Pycharm\wolframalpha\.venv1\Lib\site-packages\sympy\core\sympify.py", line 509, in sympify
    raise SympifyError('could not parse %r' % a, exc)
sympy.core.sympify.SympifyError: Sympify of expression 'could not parse 'solv x**2'' failed, because of exception being raised:
SyntaxError: invalid syntax (<string>, line 1)
2025-10-26 01:05:51 | ERROR    | wolfram_pyqt | Ошибка в get_text: 'module' object is not callable
Traceback (most recent call last):
  File "f:\Pycharm\wolframalpha\logs\logger.py", line 59, in wrapper
    result = func(*args, **kwargs)
  File "f:\Pycharm\wolframalpha\core\parser.py", line 33, in get_text
    suggestion = suggest_correction(user_input.split(' ', 1)[0], actions)
TypeError: 'module' object is not callable
2025-10-26 01:31:28 | ERROR    | wolfram_pyqt | Ошибка в replace_math_functions: argument of type 'NoneType' is not a container or iterable
Traceback (most recent call last):
  File "f:\Pycharm\wolframalpha\logs\logger.py", line 59, in wrapper
    result = func(*args, **kwargs)
  File "f:\Pycharm\wolframalpha\core\parser.py", line 49, in replace_math_functions
    if func in expression:
       ^^^^^^^^^^^^^^^^^^
TypeError: argument of type 'NoneType' is not a container or iterable
2025-10-26 01:31:28 | ERROR    | wolfram_pyqt | Ошибка в parse_user_input: argument of type 'NoneType' is not a container or iterable
Traceback (most recent call last):
  File "f:\Pycharm\wolframalpha\logs\logger.py", line 59, in wrapper
    result = func(*args, **kwargs)
  File "f:\Pycharm\wolframalpha\core\parser.py", line 55, in parse_user_input
    expression = replace_math_functions(expression)
  File "f:\Pycharm\wolframalpha\logs\logger.py", line 59, in wrapper
    result = func(*args, **kwargs)
  File "f:\Pycharm\wolframalpha\core\parser.py", line 49, in replace_math_functions
    if func in expression:
       ^^^^^^^^^^^^^^^^^^
TypeError: argument of type 'NoneType' is not a container or iterable
2025-10-26 01:39:42 | ERROR    | wolfram_pyqt | Ошибка в solve_equation: 'Symbol' object has no attribute 'sqrt'
ValueError: Error from parse_expr with transformed code: "Symbol ('sympy' ).sqrt (Integer (9 ))"

The above exception was the direct cause of the following exception:

Traceback (most recent call last):
  File "f:\Pycharm\wolframalpha\logs\logger.py", line 59, in wrapper
    result = func(*args, **kwargs)
  File "f:\Pycharm\wolframalpha\core\sympy_solver.py", line 24, in solve_equation
    lhs = sympy.sympify(left_side)
  File "F:\Pycharm\wolframalpha\.venv1\Lib\site-packages\sympy\core\sympify.py", line 507, in sympify
    expr = parse_expr(a, local_dict=locals, transformations=transformations, evaluate=evaluate)
  File "F:\Pycharm\wolframalpha\.venv1\Lib\site-packages\sympy\parsing\sympy_parser.py", line 1090, in parse_expr
    raise e from ValueError(f"Error from parse_expr with transformed code: {code!r}")
  File "F:\Pycharm\wolframalpha\.venv1\Lib\site-packages\sympy\parsing\sympy_parser.py", line 1081, in parse_expr
    rv = eval_expr(code, local_dict, global_dict)
  File "F:\Pycharm\wolframalpha\.venv1\Lib\site-packages\sympy\parsing\sympy_parser.py", line 905, in eval_expr
    expr = eval(
        code, global_dict, local_dict)  # take local objects in preference
  File "<string>", line 1, in <module>
AttributeError: 'Symbol' object has no attribute 'sqrt'
2025-10-26 01:40:36 | ERROR    | wolfram_pyqt | Ошибка в solve_equation: 'Symbol' object has no attribute 'sqrt'
ValueError: Error from parse_expr with transformed code: "Symbol ('sympy' ).sqrt (Integer (9 ))"

The above exception was the direct cause of the following exception:

Traceback (most recent call last):
  File "f:\Pycharm\wolframalpha\logs\logger.py", line 59, in wrapper
    result = func(*args, **kwargs)
  File "f:\Pycharm\wolframalpha\core\sympy_solver.py", line 24, in solve_equation
    lhs = sympy.sympify(left_side)
  File "F:\Pycharm\wolframalpha\.venv1\Lib\site-packages\sympy\core\sympify.py", line 507, in sympify
    expr = parse_expr(a, local_dict=locals, transformations=transformations, evaluate=evaluate)
  File "F:\Pycharm\wolframalpha\.venv1\Lib\site-packages\sympy\parsing\sympy_parser.py", line 1090, in parse_expr
    raise e from ValueError(f"Error from parse_expr with transformed code: {code!r}")
  File "F:\Pycharm\wolframalpha\.venv1\Lib\site-packages\sympy\parsing\sympy_parser.py", line 1081, in parse_expr
    rv = eval_expr(code, local_dict, global_dict)
  File "F:\Pycharm\wolframalpha\.venv1\Lib\site-packages\sympy\parsing\sympy_parser.py", line 905, in eval_expr
    expr = eval(
        code, global_dict, local_dict)  # take local objects in preference
  File "<string>", line 1, in <module>
AttributeError: 'Symbol' object has no attribute 'sqrt'
2025-10-26 02:07:07 | ERROR    | wolfram_pyqt | Ошибка в solve_equation: 'Symbol' object has no attribute 'sqrt'
ValueError: Error from parse_expr with transformed code: "Symbol ('Хsympy' ).sqrt (Integer (9 ))"

The above exception was the direct cause of the following exception:

Traceback (most recent call last):
  File "F:\Pycharm\wolframalpha\logs\logger.py", line 59, in wrapper
    result = func(*args, **kwargs)
  File "F:\Pycharm\wolframalpha\core\sympy_solver.py", line 24, in solve_equation
    lhs = sympy.sympify(left_side)
  File "F:\Pycharm\wolframalpha\.venv1\Lib\site-packages\sympy\core\sympify.py", line 507, in sympify
    expr = parse_expr(a, local_dict=locals, transformations=transformations, evaluate=evaluate)
  File "F:\Pycharm\wolframalpha\.venv1\Lib\site-packages\sympy\parsing\sympy_parser.py", line 1090, in parse_expr
    raise e from ValueError(f"Error from parse_expr with transformed code: {code!r}")
  File "F:\Pycharm\wolframalpha\.venv1\Lib\site-packages\sympy\parsing\sympy_parser.py", line 1081, in parse_expr
    rv = eval_expr(code, local_dict, global_dict)
  File "F:\Pycharm\wolframalpha\.venv1\Lib\site-packages\sympy\parsing\sympy_parser.py", line 905, in eval_expr
    expr = eval(
        code, global_dict, local_dict)  # take local objects in preference
  File "<string>", line 1, in <module>
AttributeError: 'Symbol' object has no attribute 'sqrt'
2025-10-26 16:41:08 | ERROR    | wolfram_pyqt | Ошибка в solve_equation: 'Symbol' object has no attribute 'sqrt'
ValueError: Error from parse_expr with transformed code: "Symbol ('Хsympy' ).sqrt (Integer (25 ))"

The above exception was the direct cause of the following exception:

Traceback (most recent call last):
  File "f:\Pycharm\wolframalpha\logs\logger.py", line 59, in wrapper
    result = func(*args, **kwargs)
  File "f:\Pycharm\wolframalpha\core\sympy_solver.py", line 24, in solve_equation
    rhs = sympy.sympify(right_side)
  File "F:\Pycharm\wolframalpha\.venv1\Lib\site-packages\sympy\core\sympify.py", line 507, in sympify
    expr = parse_expr(a, local_dict=locals, transformations=transformations, evaluate=evaluate)
  File "F:\Pycharm\wolframalpha\.venv1\Lib\site-packages\sympy\parsing\sympy_parser.py", line 1090, in parse_expr
    raise e from ValueError(f"Error from parse_expr with transformed code: {code!r}")
  File "F:\Pycharm\wolframalpha\.venv1\Lib\site-packages\sympy\parsing\sympy_parser.py", line 1081, in parse_expr
    rv = eval_expr(code, local_dict, global_dict)
  File "F:\Pycharm\wolframalpha\.venv1\Lib\site-packages\sympy\parsing\sympy_parser.py", line 905, in eval_expr
    expr = eval(
        code, global_dict, local_dict)  # take local objects in preference
  File "<string>", line 1, in <module>
AttributeError: 'Symbol' object has no attribute 'sqrt'
2025-10-26 16:42:06 | ERROR    | wolfram_pyqt | Ошибка в solve_equation: 'Symbol' object has no attribute 'sqrt'
ValueError: Error from parse_expr with transformed code: "Symbol ('sympy' ).sqrt (Integer (5 ))"

The above exception was the direct cause of the following exception:

Traceback (most recent call last):
  File "f:\Pycharm\wolframalpha\logs\logger.py", line 59, in wrapper
    result = func(*args, **kwargs)
  File "f:\Pycharm\wolframalpha\core\sympy_solver.py", line 24, in solve_equation
    rhs = sympy.sympify(right_side)
  File "F:\Pycharm\wolframalpha\.venv1\Lib\site-packages\sympy\core\sympify.py", line 507, in sympify
    expr = parse_expr(a, local_dict=locals, transformations=transformations, evaluate=evaluate)
  File "F:\Pycharm\wolframalpha\.venv1\Lib\site-packages\sympy\parsing\sympy_parser.py", line 1090, in parse_expr
    raise e from ValueError(f"Error from parse_expr with transformed code: {code!r}")
  File "F:\Pycharm\wolframalpha\.venv1\Lib\site-packages\sympy\parsing\sympy_parser.py", line 1081, in parse_expr
    rv = eval_expr(code, local_dict, global_dict)
  File "F:\Pycharm\wolframalpha\.venv1\Lib\site-packages\sympy\parsing\sympy_parser.py", line 905, in eval_expr
    expr = eval(
        code, global_dict, local_dict)  # take local objects in preference
  File "<string>", line 1, in <module>
AttributeError: 'Symbol' object has no attribute 'sqrt'
2025-10-26 16:52:05 | ERROR    | wolfram_pyqt | Ошибка в solve_equation: object is not iterable
Traceback (most recent call last):
  File "F:\Pycharm\wolframalpha\logs\logger.py", line 59, in wrapper
    result = func(*args, **kwargs)
  File "F:\Pycharm\wolframalpha\core\sympy_solver.py", line 27, in solve_equation
    var = sympy.symbols(variable)
  File "F:\Pycharm\wolframalpha\.venv1\Lib\site-packages\sympy\core\symbol.py", line 864, in symbols
    return type(names)(result)
           ~~~~~~~~~~~^^^^^^^^
TypeError: object is not iterable
Cannot convert dictionary update sequence element #0 to a sequence
2025-10-26 16:55:08 | ERROR    | wolfram_pyqt | Ошибка в solve_equation: object is not iterable
Traceback (most recent call last):
  File "F:\Pycharm\wolframalpha\logs\logger.py", line 59, in wrapper
    result = func(*args, **kwargs)
  File "F:\Pycharm\wolframalpha\core\sympy_solver.py", line 33, in solve_equation
    var = sympy.symbols(variable)
  File "F:\Pycharm\wolframalpha\.venv1\Lib\site-packages\sympy\core\symbol.py", line 864, in symbols
    return type(names)(result)
           ~~~~~~~~~~~^^^^^^^^
TypeError: object is not iterable
Cannot convert dictionary update sequence element #0 to a sequence
2025-10-26 17:28:19 | ERROR    | wolfram_pyqt | Ошибка в derivative: derivative() got an unexpected keyword argument 'local_dict'
Traceback (most recent call last):
  File "F:\Pycharm\wolframalpha\logs\logger.py", line 59, in wrapper
    result = func(*args, **kwargs)
TypeError: derivative() got an unexpected keyword argument 'local_dict'
2025-10-26 17:29:59 | ERROR    | wolfram_pyqt | Ошибка в derivative: Sympify of expression 'could not parse '4ч:2'' failed, because of exception being raised:
SyntaxError: invalid syntax (<string>, line 1)
ValueError: Error from parse_expr with transformed code: "Integer (4 )Symbol ('ч' ):Integer (2 )"

The above exception was the direct cause of the following exception:

Traceback (most recent call last):
  File "F:\Pycharm\wolframalpha\.venv1\Lib\site-packages\sympy\core\sympify.py", line 507, in sympify
    expr = parse_expr(a, local_dict=locals, transformations=transformations, evaluate=evaluate)
  File "F:\Pycharm\wolframalpha\.venv1\Lib\site-packages\sympy\parsing\sympy_parser.py", line 1090, in parse_expr
    raise e from ValueError(f"Error from parse_expr with transformed code: {code!r}")
  File "F:\Pycharm\wolframalpha\.venv1\Lib\site-packages\sympy\parsing\sympy_parser.py", line 1081, in parse_expr
    rv = eval_expr(code, local_dict, global_dict)
  File "F:\Pycharm\wolframalpha\.venv1\Lib\site-packages\sympy\parsing\sympy_parser.py", line 905, in eval_expr
    expr = eval(
        code, global_dict, local_dict)  # take local objects in preference
  File "<string>", line 1
    Integer (4 )Symbol ('ч' ):Integer (2 )
                ^^^^^^
SyntaxError: invalid syntax

During handling of the above exception, another exception occurred:

Traceback (most recent call last):
  File "F:\Pycharm\wolframalpha\logs\logger.py", line 59, in wrapper
    result = func(*args, **kwargs)
  File "F:\Pycharm\wolframalpha\core\sympy_solver.py", line 56, in derivative
    expr = sympy.sympify(expression, locals=local_dict)
  File "F:\Pycharm\wolframalpha\.venv1\Lib\site-packages\sympy\core\sympify.py", line 509, in sympify
    raise SympifyError('could not parse %r' % a, exc)
sympy.core.sympify.SympifyError: Sympify of expression 'could not parse '4ч:2'' failed, because of exception being raised:
SyntaxError: invalid syntax (<string>, line 1)
2025-10-26 17:30:27 | ERROR    | wolfram_pyqt | Ошибка в derivative: Sympify of expression 'could not parse '4*x**2 + 5*x + 3 = 0'' failed, because of exception being raised:
SyntaxError: invalid syntax (<string>, line 1)
ValueError: Error from parse_expr with transformed code: "Integer (4 )*Symbol ('x' )**Integer (2 )+Integer (5 )*Symbol ('x' )+Integer (3 )=Integer (0 )"

The above exception was the direct cause of the following exception:

Traceback (most recent call last):
  File "F:\Pycharm\wolframalpha\.venv1\Lib\site-packages\sympy\core\sympify.py", line 507, in sympify
    expr = parse_expr(a, local_dict=locals, transformations=transformations, evaluate=evaluate)
  File "F:\Pycharm\wolframalpha\.venv1\Lib\site-packages\sympy\parsing\sympy_parser.py", line 1090, in parse_expr
    raise e from ValueError(f"Error from parse_expr with transformed code: {code!r}")
  File "F:\Pycharm\wolframalpha\.venv1\Lib\site-packages\sympy\parsing\sympy_parser.py", line 1081, in parse_expr
    rv = eval_expr(code, local_dict, global_dict)
  File "F:\Pycharm\wolframalpha\.venv1\Lib\site-packages\sympy\parsing\sympy_parser.py", line 905, in eval_expr
    expr = eval(
        code, global_dict, local_dict)  # take local objects in preference
  File "<string>", line 1
    Integer (4 )*Symbol ('x' )**Integer (2 )+Integer (5 )*Symbol ('x' )+Integer (3 )=Integer (0 )
                                                                                    ^
SyntaxError: invalid syntax

During handling of the above exception, another exception occurred:

Traceback (most recent call last):
  File "F:\Pycharm\wolframalpha\logs\logger.py", line 59, in wrapper
    result = func(*args, **kwargs)
  File "F:\Pycharm\wolframalpha\core\sympy_solver.py", line 56, in derivative
    expr = sympy.sympify(expression, locals=local_dict)
  File "F:\Pycharm\wolframalpha\.venv1\Lib\site-packages\sympy\core\sympify.py", line 509, in sympify
    raise SympifyError('could not parse %r' % a, exc)
sympy.core.sympify.SympifyError: Sympify of expression 'could not parse '4*x**2 + 5*x + 3 = 0'' failed, because of exception being raised:
SyntaxError: invalid syntax (<string>, line 1)
2025-10-26 17:31:48 | ERROR    | wolfram_pyqt | Ошибка в solve_equation: 
No algorithms are implemented to solve equation loga(x) + 0
Traceback (most recent call last):
  File "F:\Pycharm\wolframalpha\logs\logger.py", line 59, in wrapper
    result = func(*args, **kwargs)
  File "F:\Pycharm\wolframalpha\core\sympy_solver.py", line 36, in solve_equation
    solutions = sympy.solve(sympy.Eq(lhs, rhs), var)
  File "F:\Pycharm\wolframalpha\.venv1\Lib\site-packages\sympy\solvers\solvers.py", line 1168, in solve
    solution = _solve(f[0], *symbols, **flags)
  File "F:\Pycharm\wolframalpha\.venv1\Lib\site-packages\sympy\solvers\solvers.py", line 1722, in _solve
    raise NotImplementedError('\n'.join([msg, not_impl_msg % f]))
NotImplementedError: 
No algorithms are implemented to solve equation loga(x) + 0
2025-10-26 17:43:22 | ERROR    | wolfram_pyqt | Ошибка в solve_equation: multiple generators [x, log(x + 4), log(x - 1), log(x**2 + 1)]
No algorithms are implemented to solve equation (-2*log(x - 1) + log(x + 4)/log(5) + 3*log(x**2 + 1)/log(2) + 1/(x - 2)) + 0
Traceback (most recent call last):
  File "F:\Pycharm\wolframalpha\logs\logger.py", line 59, in wrapper
    result = func(*args, **kwargs)
  File "F:\Pycharm\wolframalpha\core\sympy_solver.py", line 26, in solve_equation
    solutions = sympy.solve(sympy.Eq(lhs, rhs), var)
  File "F:\Pycharm\wolframalpha\.venv1\Lib\site-packages\sympy\solvers\solvers.py", line 1168, in solve
    solution = _solve(f[0], *symbols, **flags)
  File "F:\Pycharm\wolframalpha\.venv1\Lib\site-packages\sympy\solvers\solvers.py", line 1722, in _solve
    raise NotImplementedError('\n'.join([msg, not_impl_msg % f]))
NotImplementedError: multiple generators [x, log(x + 4), log(x - 1), log(x**2 + 1)]
No algorithms are implemented to solve equation (-2*log(x - 1) + log(x + 4)/log(5) + 3*log(x**2 + 1)/log(2) + 1/(x - 2)) + 0
2025-10-26 17:45:24 | ERROR    | wolfram_pyqt | Ошибка в solve_equation: Could not find root within given tolerance. (42.8007267428028707322 > 2.16840434497100886801e-19)
Try another starting point or tweak arguments.
Traceback (most recent call last):
  File "F:\Pycharm\wolframalpha\core\sympy_solver.py", line 35, in solve_equation
    solutions = solve(Eq(lhs, rhs), var)
  File "F:\Pycharm\wolframalpha\.venv1\Lib\site-packages\sympy\solvers\solvers.py", line 1168, in solve
    solution = _solve(f[0], *symbols, **flags)
  File "F:\Pycharm\wolframalpha\.venv1\Lib\site-packages\sympy\solvers\solvers.py", line 1722, in _solve
    raise NotImplementedError('\n'.join([msg, not_impl_msg % f]))
NotImplementedError: multiple generators [x, log(x + 4), log(x - 1), log(x**2 + 1)]
No algorithms are implemented to solve equation (-2*log(x - 1) + log(x + 4)/log(5) + 3*log(x**2 + 1)/log(2) + 1/(x - 2)) + 0

During handling of the above exception, another exception occurred:

Traceback (most recent call last):
  File "F:\Pycharm\wolframalpha\logs\logger.py", line 59, in wrapper
    result = func(*args, **kwargs)
  File "F:\Pycharm\wolframalpha\core\sympy_solver.py", line 40, in solve_equation
    solutions = [N(nsolve(expr, var, 1))]
                   ~~~~~~^^^^^^^^^^^^^^
  File "F:\Pycharm\wolframalpha\.venv1\Lib\site-packages\sympy\utilities\decorator.py", line 93, in func_wrapper
    return func(*args, **kwargs)
  File "F:\Pycharm\wolframalpha\.venv1\Lib\site-packages\sympy\solvers\solvers.py", line 3079, in nsolve
    x = sympify(findroot(f, x0, **kwargs))
                ~~~~~~~~^^^^^^^^^^^^^^^^^
  File "F:\Pycharm\wolframalpha\.venv1\Lib\site-packages\mpmath\calculus\optimization.py", line 985, in findroot
    raise ValueError('Could not find root within given tolerance. '
    ...<2 lines>...
                     % (norm(f(*xl))**2, tol))
ValueError: Could not find root within given tolerance. (42.8007267428028707322 > 2.16840434497100886801e-19)
Try another starting point or tweak arguments.
